{"level":"info","ts":"2025-02-27 22:39:22","caller":"app/app.go:57","msg":"database connected","service":"gua"}
{"level":"info","ts":"2025-02-27 22:39:22","caller":"app/app.go:62","msg":"server has started","service":"gua","addr":"10005"}
{"level":"info","ts":"2025-02-27 22:55:40","caller":"app/app.go:57","msg":"database connected","service":"gua"}
{"level":"info","ts":"2025-02-27 22:55:40","caller":"app/app.go:62","msg":"server has started","service":"gua","addr":"10005"}
{"level":"warn","ts":"2025-02-27 22:55:45","caller":"handlers/respond.go:20","msg":"bad request%!(EXTRA string=method, string=POST, string=path, string=/admin/notices, string=error, string=Key: 'createNoticeRequest.Title' Error:Field validation for 'Title' failed on the 'required' tag)","service":"gua"}
{"level":"info","ts":"2025-03-06 01:43:20","caller":"app/app.go:57","msg":"database connected","service":"gua"}
{"level":"info","ts":"2025-03-06 01:43:20","caller":"app/app.go:62","msg":"server has started","service":"gua","addr":"10005"}
{"level":"info","ts":"2025-03-06 01:44:02","caller":"handlers/health_check.go:15","msg":"Health check passed","service":"gua"}
{"level":"info","ts":"2025-03-06 02:01:48","caller":"app/app.go:57","msg":"database connected","service":"gua"}
{"level":"info","ts":"2025-03-06 02:01:48","caller":"app/app.go:62","msg":"server has started","service":"gua","addr":"10005"}
{"level":"error","ts":"2025-03-06 02:01:51","caller":"handlers/respond.go:11","msg":"internal error","service":"gua","method":"POST","path":"/admin/categories","error":"Error 1064 (42000): You have an error in your SQL syntax; check the manual that corresponds to your MySQL server version for the right syntax to use near 'rank, created_at, updated_at)\n\t\tVALUES\n\t\t\t(?,?, utc_timestamp(), utc_timestamp()' at line 2"}
{"level":"info","ts":"2025-03-06 02:03:36","caller":"app/app.go:57","msg":"database connected","service":"gua"}
{"level":"info","ts":"2025-03-06 02:03:36","caller":"app/app.go:62","msg":"server has started","service":"gua","addr":"10005"}
{"level":"error","ts":"2025-03-06 02:03:36","caller":"handlers/respond.go:11","msg":"internal error","service":"gua","method":"POST","path":"/admin/categories","error":"Error 1064 (42000): You have an error in your SQL syntax; check the manual that corresponds to your MySQL server version for the right syntax to use near 'rank, created_at, updated_at)\n\t\tVALUES\n\t\t\t(?, ?)' at line 2"}
{"level":"info","ts":"2025-03-06 02:05:00","caller":"app/app.go:57","msg":"database connected","service":"gua"}
{"level":"info","ts":"2025-03-06 02:05:00","caller":"app/app.go:62","msg":"server has started","service":"gua","addr":"10005"}
{"level":"error","ts":"2025-03-06 02:05:03","caller":"handlers/respond.go:11","msg":"internal error","service":"gua","method":"POST","path":"/admin/categories","error":"Error 1064 (42000): You have an error in your SQL syntax; check the manual that corresponds to your MySQL server version for the right syntax to use near 'rank)\n\t\tVALUES\n\t\t\t(?, ?)' at line 2"}
{"level":"info","ts":"2025-03-06 02:06:44","caller":"app/app.go:57","msg":"database connected","service":"gua"}
{"level":"info","ts":"2025-03-06 02:06:44","caller":"app/app.go:62","msg":"server has started","service":"gua","addr":"10005"}
{"level":"error","ts":"2025-03-06 02:06:49","caller":"handlers/respond.go:11","msg":"internal error","service":"gua","method":"POST","path":"/admin/categories","error":"Error 1064 (42000): You have an error in your SQL syntax; check the manual that corresponds to your MySQL server version for the right syntax to use near 'rank)\n\t\tVALUES\n\t\t\t(?, ?)' at line 2"}
{"level":"info","ts":"2025-03-06 02:08:51","caller":"app/app.go:57","msg":"database connected","service":"gua"}
{"level":"info","ts":"2025-03-06 02:08:51","caller":"app/app.go:62","msg":"server has started","service":"gua","addr":"10005"}
{"level":"info","ts":"2025-03-06 02:10:41","caller":"app/app.go:57","msg":"database connected","service":"gua"}
{"level":"info","ts":"2025-03-06 02:10:41","caller":"app/app.go:62","msg":"server has started","service":"gua","addr":"10005"}
{"level":"info","ts":"2025-03-06 02:12:30","caller":"handlers/admin_category.go:44","msg":"名称已存在, 请选择其它名称","service":"gua","status":true,"err":"resource already exists"}
{"level":"warn","ts":"2025-03-06 02:12:30","caller":"handlers/respond.go:20","msg":"bad request%!(EXTRA string=method, string=POST, string=path, string=/admin/categories, string=error, string=resource already exists)","service":"gua"}
{"level":"info","ts":"2025-03-06 02:18:33","caller":"app/app.go:57","msg":"database connected","service":"gua"}
{"level":"info","ts":"2025-03-06 02:18:33","caller":"app/app.go:62","msg":"server has started","service":"gua","addr":"10005"}
{"level":"error","ts":"2025-03-06 02:18:50","caller":"handlers/respond.go:11","msg":"internal error","service":"gua","method":"GET","path":"/admin/categories","error":"Error 1064 (42000): You have an error in your SQL syntax; check the manual that corresponds to your MySQL server version for the right syntax to use near 'FROM categories\n\t\tORDER BY rank ASC, id ASC' at line 2"}
{"level":"info","ts":"2025-03-06 02:19:55","caller":"app/app.go:57","msg":"database connected","service":"gua"}
{"level":"info","ts":"2025-03-06 02:19:55","caller":"app/app.go:62","msg":"server has started","service":"gua","addr":"10005"}
{"level":"info","ts":"2025-03-06 02:28:09","caller":"app/app.go:57","msg":"database connected","service":"gua"}
{"level":"info","ts":"2025-03-06 02:28:09","caller":"app/app.go:62","msg":"server has started","service":"gua","addr":"10005"}
{"level":"warn","ts":"2025-03-06 02:28:12","caller":"handlers/respond.go:36","msg":"not found error","service":"gua","method":"DELETE","path":"/admin/categories/100","error":"ID 100 的分类未找到"}
